\BOOKMARK [1][-]{section.1}{\376\377\000M\000e\000t\000o\000d\000o\000l\000o\000g\000\355\000a\000:\000\040\000E\000l\000\040\000M\000o\000d\000e\000l\000o\000\040\000H\000\355\000b\000r\000i\000d\000o\000\040\000d\000e\000\040\000P\000r\000e\000d\000i\000c\000c\000i\000\363\000n}{}% 1
\BOOKMARK [2][-]{subsection.1.1}{\376\377\000E\000l\000\040\000S\000i\000s\000t\000e\000m\000a\000\040\000d\000e\000\040\000J\000o\000a\000c\000h\000i\000m\000\040\000K\000l\000e\000m\000e\000n\000t}{section.1}% 2
\BOOKMARK [2][-]{subsection.1.2}{\376\377\000F\000\363\000r\000m\000u\000l\000a\000\040\000d\000e\000l\000\040\000M\000o\000d\000e\000l\000o\000\040\000K\000l\000e\000m\000e\000n\000t}{section.1}% 3
\BOOKMARK [2][-]{subsection.1.3}{\376\377\000M\000o\000d\000e\000l\000o\000\040\000d\000e\000\040\000P\000o\000i\000s\000s\000o\000n\000\040\000p\000a\000r\000a\000\040\000P\000a\000r\000t\000i\000d\000o\000s\000\040\000I\000n\000d\000i\000v\000i\000d\000u\000a\000l\000e\000s}{section.1}% 4
\BOOKMARK [2][-]{subsection.1.4}{\376\377\000I\000n\000d\000i\000c\000a\000d\000o\000r\000e\000s\000\040\000U\000t\000i\000l\000i\000z\000a\000d\000o\000s}{section.1}% 5
\BOOKMARK [1][-]{section.2}{\376\377\000R\000a\000n\000k\000i\000n\000g\000\040\000K\000l\000e\000m\000e\000n\000t\000\040\000d\000e\000\040\000l\000o\000s\000\040\0004\0008\000\040\000E\000q\000u\000i\000p\000o\000s}{}% 6
\BOOKMARK [1][-]{section.3}{\376\377\000R\000e\000s\000u\000l\000t\000a\000d\000o\000s\000\040\000y\000\040\000P\000r\000e\000d\000i\000c\000c\000i\000o\000n\000e\000s\000\040\040\024\000\040\000F\000a\000s\000e\000\040\000d\000e\000\040\000G\000r\000u\000p\000o\000s}{}% 7
\BOOKMARK [2][-]{subsection.3.1}{\376\377\000G\000r\000u\000p\000o\000\040\000A\000:\000\040\000M\000\351\000x\000i\000c\000o\000\040\000\040\000S\000u\000d\000\341\000f\000r\000i\000c\000a\000\040\000\040\000C\000o\000r\000e\000a\000\040\000d\000e\000l\000\040\000S\000u\000r\000\040\000\040\000C\000h\000e\000q\000u\000i\000a}{section.3}% 8
\BOOKMARK [2][-]{subsection.3.2}{\376\377\000G\000r\000u\000p\000o\000\040\000B\000:\000\040\000C\000a\000n\000a\000d\000\341\000\040\000\040\000B\000o\000s\000n\000i\000a\000-\000H\000e\000r\000z\000.\000\040\000\040\000Q\000a\000t\000a\000r\000\040\000\040\000S\000u\000i\000z\000a}{section.3}% 9
\BOOKMARK [2][-]{subsection.3.3}{\376\377\000G\000r\000u\000p\000o\000\040\000C\000:\000\040\000B\000r\000a\000s\000i\000l\000\040\000\040\000M\000a\000r\000r\000u\000e\000c\000o\000s\000\040\000\040\000H\000a\000i\000t\000i\000\040\000\040\000E\000s\000c\000o\000c\000i\000a}{section.3}% 10
\BOOKMARK [2][-]{subsection.3.4}{\376\377\000G\000r\000u\000p\000o\000\040\000D\000:\000\040\000E\000E\000.\000U\000U\000.\000\040\000\040\000P\000a\000r\000a\000g\000u\000a\000y\000\040\000\040\000A\000u\000s\000t\000r\000a\000l\000i\000a\000\040\000\040\000T\000u\000r\000q\000u\000\355\000a}{section.3}% 11
\BOOKMARK [2][-]{subsection.3.5}{\376\377\000G\000r\000u\000p\000o\000\040\000E\000:\000\040\000A\000l\000e\000m\000a\000n\000i\000a\000\040\000\040\000C\000u\000r\000a\000z\000a\000o\000\040\000\040\000C\000o\000s\000t\000a\000\040\000d\000e\000\040\000M\000a\000r\000f\000i\000l\000\040\000\040\000E\000c\000u\000a\000d\000o\000r}{section.3}% 12
\BOOKMARK [2][-]{subsection.3.6}{\376\377\000G\000r\000u\000p\000o\000\040\000F\000:\000\040\000P\000a\000\355\000s\000e\000s\000\040\000B\000a\000j\000o\000s\000\040\000\040\000J\000a\000p\000\363\000n\000\040\000\040\000S\000u\000e\000c\000i\000a\000\040\000\040\000T\000\372\000n\000e\000z}{section.3}% 13
\BOOKMARK [2][-]{subsection.3.7}{\376\377\000G\000r\000u\000p\000o\000\040\000G\000:\000\040\000B\000\351\000l\000g\000i\000c\000a\000\040\000\040\000E\000g\000i\000p\000t\000o\000\040\000\040\000I\000r\000\341\000n\000\040\000\040\000N\000u\000e\000v\000a\000\040\000Z\000e\000l\000a\000n\000d\000a}{section.3}% 14
\BOOKMARK [2][-]{subsection.3.8}{\376\377\000G\000r\000u\000p\000o\000\040\000H\000:\000\040\000E\000s\000p\000a\000\361\000a\000\040\000\040\000C\000a\000b\000o\000\040\000V\000e\000r\000d\000e\000\040\000\040\000A\000r\000a\000b\000i\000a\000\040\000S\000a\000u\000d\000i\000t\000a\000\040\000\040\000U\000r\000u\000g\000u\000a\000y}{section.3}% 15
\BOOKMARK [2][-]{subsection.3.9}{\376\377\000G\000r\000u\000p\000o\000\040\000I\000:\000\040\000F\000r\000a\000n\000c\000i\000a\000\040\000\040\000S\000e\000n\000e\000g\000a\000l\000\040\000\040\000I\000r\000a\000k\000\040\000\040\000N\000o\000r\000u\000e\000g\000a}{section.3}% 16
\BOOKMARK [2][-]{subsection.3.10}{\376\377\000G\000r\000u\000p\000o\000\040\000J\000:\000\040\000A\000r\000g\000e\000n\000t\000i\000n\000a\000\040\000\040\000A\000r\000g\000e\000l\000i\000a\000\040\000\040\000A\000u\000s\000t\000r\000i\000a\000\040\000\040\000J\000o\000r\000d\000a\000n\000i\000a}{section.3}% 17
\BOOKMARK [2][-]{subsection.3.11}{\376\377\000G\000r\000u\000p\000o\000\040\000K\000:\000\040\000P\000o\000r\000t\000u\000g\000a\000l\000\040\000\040\000C\000o\000n\000g\000o\000\040\000R\000D\000\040\000\040\000U\000z\000b\000e\000k\000i\000s\000t\000\341\000n\000\040\000\040\000C\000o\000l\000o\000m\000b\000i\000a}{section.3}% 18
\BOOKMARK [2][-]{subsection.3.12}{\376\377\000G\000r\000u\000p\000o\000\040\000L\000:\000\040\000I\000n\000g\000l\000a\000t\000e\000r\000r\000a\000\040\000\040\000C\000r\000o\000a\000c\000i\000a\000\040\000\040\000G\000h\000a\000n\000a\000\040\000\040\000P\000a\000n\000a\000m\000\341}{section.3}% 19
\BOOKMARK [1][-]{section.4}{\376\377\000P\000r\000o\000y\000e\000c\000c\000i\000\363\000n\000\040\000d\000e\000\040\000C\000l\000a\000s\000i\000f\000i\000c\000a\000d\000o\000s\000\040\000a\000\040\000l\000a\000\040\000R\000o\000n\000d\000a\000\040\000d\000e\000\040\0003\0002}{}% 20
\BOOKMARK [1][-]{section.5}{\376\377\000A\000n\000\341\000l\000i\000s\000i\000s\000\040\000D\000e\000t\000a\000l\000l\000a\000d\000o\000\040\040\024\000\040\000P\000a\000r\000t\000i\000d\000o\000s\000\040\000C\000l\000a\000v\000e\000\040\000d\000e\000\040\000H\000o\000y\000\040\000\050\0001\0009\000\040\000j\000u\000n\000i\000o\000\040\0002\0000\0002\0006\000\051}{}% 21
\BOOKMARK [1][-]{section.6}{\376\377\000P\000r\000o\000y\000e\000c\000c\000i\000\363\000n\000\040\000F\000a\000s\000e\000\040\000E\000l\000i\000m\000i\000n\000a\000t\000o\000r\000i\000a\000\040\040\024\000\040\000M\000o\000d\000e\000l\000o\000\040\000K\000l\000e\000m\000e\000n\000t}{}% 22
\BOOKMARK [2][-]{subsection.6.1}{\376\377\000R\000o\000n\000d\000a\000\040\000d\000e\000\040\0003\0002\000\040\000\050\000P\000r\000o\000y\000e\000c\000c\000i\000\363\000n\000\051}{section.6}% 23
\BOOKMARK [2][-]{subsection.6.2}{\376\377\000C\000u\000a\000r\000t\000o\000s\000\040\000d\000e\000\040\000F\000i\000n\000a\000l\000\040\000\050\000S\000e\000g\000\372\000n\000\040\000M\000o\000d\000e\000l\000o\000\040\000K\000l\000e\000m\000e\000n\000t\000\051}{section.6}% 24
\BOOKMARK [2][-]{subsection.6.3}{\376\377\000S\000e\000m\000i\000f\000i\000n\000a\000l\000e\000s\000\040\000\050\000S\000e\000g\000\372\000n\000\040\000M\000o\000d\000e\000l\000o\000\040\000K\000l\000e\000m\000e\000n\000t\000\051}{section.6}% 25
\BOOKMARK [2][-]{subsection.6.4}{\376\377\000F\000i\000n\000a\000l\000\040\000M\000u\000n\000d\000i\000a\000l\000\040\040\024\000\040\0001\0009\000\040\000d\000e\000\040\000j\000u\000l\000i\000o\000\040\0002\0000\0002\0006\000,\000\040\000M\000e\000t\000L\000i\000f\000e\000\040\000S\000t\000a\000d\000i\000u\000m\000,\000\040\000N\000u\000e\000v\000a\000\040\000Y\000o\000r\000k}{section.6}% 26
\BOOKMARK [1][-]{section.7}{\376\377\000E\000s\000t\000a\000d\000\355\000s\000t\000i\000c\000a\000s\000\040\000d\000e\000l\000\040\000T\000o\000r\000n\000e\000o\000\040\040\024\000\040\000J\000o\000r\000n\000a\000d\000a\000s\000\040\0001\000\040\000y\000\040\0002}{}% 27
\BOOKMARK [2][-]{subsection.7.1}{\376\377\000L\000o\000s\000\040\0001\0000\000\040\000M\000\341\000x\000i\000m\000o\000s\000\040\000F\000a\000v\000o\000r\000i\000t\000o\000s\000\040\000s\000e\000g\000\372\000n\000\040\000e\000l\000\040\000M\000o\000d\000e\000l\000o\000\040\000C\000o\000m\000b\000i\000n\000a\000d\000o}{section.7}% 28
\BOOKMARK [2][-]{subsection.7.2}{\376\377\000A\000d\000v\000e\000r\000t\000e\000n\000c\000i\000a\000\040\000d\000e\000l\000\040\000P\000r\000o\000p\000i\000o\000\040\000K\000l\000e\000m\000e\000n\000t}{section.7}% 29
